<?xml version="1.0" encoding="UTF-8"?>
<!-- Generated by org.testng.reporters.JUnitReportReporter -->
<testsuite hostname="DESKTOP-98GFODL" failures="0" tests="1" name="com.ae.men.categoryTest.MenTShirtProductTest" time="26.850" errors="0" timestamp="2023-05-01T11:32:48 IST" skipped="0">
  <testcase classname="com.ae.men.categoryTest.MenTShirtProductTest" name="loginToAp" time="26.850"/>
  <system-out/>
</testsuite> <!-- com.ae.men.categoryTest.MenTShirtProductTest -->
