<?xml version="1.0" encoding="UTF-8"?>
<!-- Generated by org.testng.reporters.JUnitReportReporter -->
<testsuite hostname="DESKTOP-98GFODL" failures="0" tests="1" name="com.ae.kids.categoryTest.KidsTopsShirtProductTest" time="23.406" errors="0" timestamp="2023-05-01T11:32:48 IST" skipped="0">
  <testcase classname="com.ae.kids.categoryTest.KidsTopsShirtProductTest" name="loginToAp" time="23.406"/>
  <system-out/>
</testsuite> <!-- com.ae.kids.categoryTest.KidsTopsShirtProductTest -->
