<?xml version="1.0" encoding="UTF-8"?>
<!-- Generated by org.testng.reporters.JUnitReportReporter -->
<testsuite hostname="DESKTOP-98GFODL" failures="0" tests="1" name="com.ae.men.categoryTest.MenTShirtProductTest" time="31.828" errors="0" timestamp="2023-04-25T21:03:05 IST" skipped="0">
  <testcase classname="com.ae.men.categoryTest.MenTShirtProductTest" name="loginToAp" time="31.828"/>
  <system-out/>
</testsuite> <!-- com.ae.men.categoryTest.MenTShirtProductTest -->
