<?xml version="1.0" encoding="UTF-8"?>
<!-- Generated by org.testng.reporters.JUnitReportReporter -->
<testsuite hostname="DESKTOP-98GFODL" failures="0" tests="1" name="com.ae.kids.categoryTest.KidsTopsShirtProductTest" time="28.570" errors="0" timestamp="2023-04-25T21:03:05 IST" skipped="0">
  <testcase classname="com.ae.kids.categoryTest.KidsTopsShirtProductTest" name="loginToAp" time="28.570"/>
  <system-out/>
</testsuite> <!-- com.ae.kids.categoryTest.KidsTopsShirtProductTest -->
